Arguments: 
  /Users/cody/.nvm/versions/node/v4.2.0/bin/node /usr/local/Cellar/yarn/1.2.1/libexec/bin/yarn.js install

PATH: 
  /Users/cody/.composer/vendor/bin:/Users/cody/my/cocos2d-x-3.12/templates:/Users/cody/my:/Users/cody/my/cocos2d-x-3.12/tools/cocos2d-console/bin:/usr/local/Cellar/pyenv-virtualenv/20160202/shims:/usr/local/Cellar/pyenv/20160202/libexec:/Users/cody/.pyenv/shims:/Users/cody/.gvm/pkgsets/go1.5.3/global/bin:/Users/cody/.gvm/gos/go1.5.3/bin:/Users/cody/.gvm/pkgsets/go1.5.3/global/overlay/bin:/Users/cody/.gvm/bin:/Users/cody/.gvm/bin:/usr/local/heroku/bin:/Users/cody/.nvm/versions/node/v4.2.0/bin:/Users/cody/.rbenv/shims:/usr/local/bin:/usr/bin:/bin:/usr/sbin:/sbin:/Users/cody/.gvm/pkgsets/go1.5.3/global/bin:/Applications/Postgres.app/Contents/Versions/latest/bin

Yarn version: 
  1.2.1

Node version: 
  4.2.0

Platform: 
  darwin x64

npm manifest: 
  {
    "name": "wealthica-cryptos-core",
    "version": "1.0.0",
    "description": "Wealthica Crypto Currencies Addon",
    "main": "src/index.js",
    "scripts": {
      "test": "echo \"Error: no test specified\" && exit 1",
      "prebuild": "rimraf dist",
      "build": "npm-run-all --parallel build:*",
      "build:js": "webpack --output-filename wealthica-cryptos-addon.js -p",
    },
    "author": "Cody Nguyen <hi@cody.vn> (https://cody.vn/)",
    "license": "MIT",
    "devDependencies": {
      "babel-cli": "6.26.0",
      "babel-loader": "7.1.2",
      "babel-preset-es2015": "6.24.1",
      "babel-preset-stage-2": "6.24.1",
      "babel-register": "6.26.0",
      "npm-run-all": "4.1.2",
      "rimraf": "2.6.2",
      "webpack": "3.10.0"
    },
    "engines": {
      "node": "9.x",
      "npm": "5.x"
    },
    "babel": {
      "presets": [
        "es2015",
        "stage-2"
      ]
    }
  }

yarn manifest: 
  No manifest

Lockfile: 
  No lockfile

Trace: 
  SyntaxError: /Users/cody/workspace/wealthica-cryptos-addon/package.json: Unexpected token }
      at Object.parse (native)
      at /usr/local/Cellar/yarn/1.2.1/libexec/lib/cli.js:770:59
      at next (native)
      at step (/usr/local/Cellar/yarn/1.2.1/libexec/lib/cli.js:92:30)
      at /usr/local/Cellar/yarn/1.2.1/libexec/lib/cli.js:103:13
      at run (/usr/local/Cellar/yarn/1.2.1/libexec/lib/cli.js:92915:22)
      at /usr/local/Cellar/yarn/1.2.1/libexec/lib/cli.js:92928:28
      at flush (/usr/local/Cellar/yarn/1.2.1/libexec/lib/cli.js:92386:9)
      at doNTCallback0 (node.js:417:9)
      at process._tickCallback (node.js:346:13)
